2022-11-28 14:03:10,467 - basePage.py:[45] - [INFO] - 未发生异常，页面打开成功！ http://139.199.0.102/passport/login
2022-11-28 14:03:10,501 - basePage.py:[59] - [DEBUG] - 元素定位成功，('css selector', '[formcontrolname="userName"]')
2022-11-28 14:03:10,599 - basePage.py:[75] - [INFO] - 输入内容成功
2022-11-28 14:03:10,631 - basePage.py:[59] - [DEBUG] - 元素定位成功，('css selector', '[formcontrolname="password"]')
2022-11-28 14:03:10,708 - basePage.py:[75] - [INFO] - 输入内容成功
2022-11-28 14:03:12,732 - basePage.py:[59] - [DEBUG] - 元素定位成功，('xpath', '//form/nz-form-item[4]/button')
2022-11-28 14:03:12,751 - basePage.py:[115] - [INFO] - 元素('xpath', '//form/nz-form-item[4]/button')点击成功！
2022-11-28 14:03:16,787 - basePage.py:[59] - [DEBUG] - 元素定位成功，('css selector', '.teachHeadPic.ng-star-inserted')
2022-11-28 14:03:17,361 - basePage.py:[59] - [DEBUG] - 元素定位成功，('xpath', "//div[text()='退出账号']")
2022-11-28 14:03:17,428 - basePage.py:[115] - [INFO] - 元素('xpath', "//div[text()='退出账号']")点击成功！
2022-11-28 14:03:20,457 - basePage.py:[59] - [DEBUG] - 元素定位成功，('css selector', '.ant-modal-confirm-btns>button:nth-child(2)')
2022-11-28 14:03:20,498 - basePage.py:[115] - [INFO] - 元素('css selector', '.ant-modal-confirm-btns>button:nth-child(2)')点击成功！
2022-11-28 14:03:27,520 - basePage.py:[45] - [INFO] - 未发生异常，页面打开成功！ http://139.199.0.102/passport/login
2022-11-28 14:03:27,576 - basePage.py:[59] - [DEBUG] - 元素定位成功，('css selector', '[formcontrolname="userName"]')
2022-11-28 14:03:27,634 - basePage.py:[75] - [INFO] - 输入内容成功
2022-11-28 14:03:27,670 - basePage.py:[59] - [DEBUG] - 元素定位成功，('css selector', '[formcontrolname="password"]')
2022-11-28 14:03:27,719 - basePage.py:[75] - [INFO] - 输入内容成功
2022-11-28 14:03:29,740 - basePage.py:[59] - [DEBUG] - 元素定位成功，('xpath', '//form/nz-form-item[4]/button')
2022-11-28 14:03:29,756 - basePage.py:[115] - [INFO] - 元素('xpath', '//form/nz-form-item[4]/button')点击成功！
2022-11-28 14:03:30,777 - basePage.py:[59] - [DEBUG] - 元素定位成功，('xpath', '//form/nz-form-item[1]/nz-form-control/div/nz-form-explain/div')
2022-11-28 14:03:30,790 - basePage.py:[89] - [INFO] - 文本获取成功，值是： 请输入手机号码
2022-11-28 14:03:30,810 - basePage.py:[59] - [DEBUG] - 元素定位成功，('xpath', '//form/nz-form-item[2]/nz-form-control/div/nz-form-explain/div')
2022-11-28 14:03:30,823 - basePage.py:[89] - [INFO] - 文本获取成功，值是： 请输入6-20位账户密码
2022-11-28 14:32:10,692 - basePage.py:[45] - [INFO] - 未发生异常，页面打开成功！ http://139.199.0.102/passport/login
2022-11-28 14:32:10,722 - basePage.py:[59] - [DEBUG] - 元素定位成功，('css selector', '[formcontrolname="userName"]')
2022-11-28 14:32:10,818 - basePage.py:[75] - [INFO] - 输入内容成功
2022-11-28 14:32:10,849 - basePage.py:[59] - [DEBUG] - 元素定位成功，('css selector', '[formcontrolname="password"]')
2022-11-28 14:32:10,929 - basePage.py:[75] - [INFO] - 输入内容成功
2022-11-28 14:32:12,950 - basePage.py:[59] - [DEBUG] - 元素定位成功，('xpath', '//form/nz-form-item[4]/button')
2022-11-28 14:32:12,968 - basePage.py:[115] - [INFO] - 元素('xpath', '//form/nz-form-item[4]/button')点击成功！
2022-11-28 14:32:17,004 - basePage.py:[59] - [DEBUG] - 元素定位成功，('css selector', '.teachHeadPic.ng-star-inserted')
2022-11-28 14:32:17,587 - basePage.py:[59] - [DEBUG] - 元素定位成功，('xpath', "//div[text()='退出账号']")
2022-11-28 14:32:17,640 - basePage.py:[115] - [INFO] - 元素('xpath', "//div[text()='退出账号']")点击成功！
2022-11-28 14:32:20,666 - basePage.py:[59] - [DEBUG] - 元素定位成功，('css selector', '.ant-modal-confirm-btns>button:nth-child(2)')
2022-11-28 14:32:20,705 - basePage.py:[115] - [INFO] - 元素('css selector', '.ant-modal-confirm-btns>button:nth-child(2)')点击成功！
2022-11-28 14:32:27,654 - basePage.py:[45] - [INFO] - 未发生异常，页面打开成功！ http://139.199.0.102/passport/login
2022-11-28 14:32:27,696 - basePage.py:[59] - [DEBUG] - 元素定位成功，('css selector', '[formcontrolname="userName"]')
2022-11-28 14:32:27,750 - basePage.py:[75] - [INFO] - 输入内容成功
2022-11-28 14:32:27,779 - basePage.py:[59] - [DEBUG] - 元素定位成功，('css selector', '[formcontrolname="password"]')
2022-11-28 14:32:27,824 - basePage.py:[75] - [INFO] - 输入内容成功
2022-11-28 14:32:29,847 - basePage.py:[59] - [DEBUG] - 元素定位成功，('xpath', '//form/nz-form-item[4]/button')
2022-11-28 14:32:29,866 - basePage.py:[115] - [INFO] - 元素('xpath', '//form/nz-form-item[4]/button')点击成功！
2022-11-28 14:32:30,887 - basePage.py:[59] - [DEBUG] - 元素定位成功，('xpath', '//form/nz-form-item[1]/nz-form-control/div/nz-form-explain/div')
2022-11-28 14:32:30,900 - basePage.py:[89] - [INFO] - 文本获取成功，值是： 请输入手机号码
2022-11-28 14:32:30,919 - basePage.py:[59] - [DEBUG] - 元素定位成功，('xpath', '//form/nz-form-item[2]/nz-form-control/div/nz-form-explain/div')
2022-11-28 14:32:30,930 - basePage.py:[89] - [INFO] - 文本获取成功，值是： 请输入6-20位账户密码
2022-11-28 15:23:44,821 - basePage.py:[45] - [INFO] - 未发生异常，页面打开成功！ http://139.199.0.102/passport/login
2022-11-28 15:23:44,841 - basePage.py:[59] - [DEBUG] - 元素定位成功，('css selector', '[formcontrolname="userName"]')
2022-11-28 15:23:44,907 - basePage.py:[75] - [INFO] - 输入内容成功
2022-11-28 15:23:44,929 - basePage.py:[59] - [DEBUG] - 元素定位成功，('css selector', '[formcontrolname="password"]')
2022-11-28 15:23:44,983 - basePage.py:[75] - [INFO] - 输入内容成功
2022-11-28 15:23:47,001 - basePage.py:[59] - [DEBUG] - 元素定位成功，('xpath', '//form/nz-form-item[4]/button')
2022-11-28 15:23:47,014 - basePage.py:[115] - [INFO] - 元素('xpath', '//form/nz-form-item[4]/button')点击成功！
2022-11-28 15:23:51,038 - basePage.py:[59] - [DEBUG] - 元素定位成功，('css selector', '.teachHeadPic.ng-star-inserted')
2022-11-28 15:23:51,593 - basePage.py:[59] - [DEBUG] - 元素定位成功，('xpath', "//div[text()='退出账号']")
2022-11-28 15:23:51,630 - basePage.py:[115] - [INFO] - 元素('xpath', "//div[text()='退出账号']")点击成功！
2022-11-28 15:23:54,648 - basePage.py:[59] - [DEBUG] - 元素定位成功，('css selector', '.ant-modal-confirm-btns>button:nth-child(2)')
2022-11-28 15:23:54,674 - basePage.py:[115] - [INFO] - 元素('css selector', '.ant-modal-confirm-btns>button:nth-child(2)')点击成功！
2022-11-28 15:24:00,900 - basePage.py:[45] - [INFO] - 未发生异常，页面打开成功！ http://139.199.0.102/passport/login
2022-11-28 15:24:00,931 - basePage.py:[59] - [DEBUG] - 元素定位成功，('css selector', '[formcontrolname="userName"]')
2022-11-28 15:24:00,963 - basePage.py:[75] - [INFO] - 输入内容成功
2022-11-28 15:24:00,977 - basePage.py:[59] - [DEBUG] - 元素定位成功，('css selector', '[formcontrolname="password"]')
2022-11-28 15:24:01,000 - basePage.py:[75] - [INFO] - 输入内容成功
2022-11-28 15:24:03,016 - basePage.py:[59] - [DEBUG] - 元素定位成功，('xpath', '//form/nz-form-item[4]/button')
2022-11-28 15:24:03,029 - basePage.py:[115] - [INFO] - 元素('xpath', '//form/nz-form-item[4]/button')点击成功！
2022-11-28 15:24:04,045 - basePage.py:[59] - [DEBUG] - 元素定位成功，('xpath', '//form/nz-form-item[1]/nz-form-control/div/nz-form-explain/div')
2022-11-28 15:24:04,055 - basePage.py:[89] - [INFO] - 文本获取成功，值是： 请输入手机号码
2022-11-28 15:24:04,067 - basePage.py:[59] - [DEBUG] - 元素定位成功，('xpath', '//form/nz-form-item[2]/nz-form-control/div/nz-form-explain/div')
2022-11-28 15:24:04,076 - basePage.py:[89] - [INFO] - 文本获取成功，值是： 请输入6-20位账户密码
2022-11-28 15:25:07,665 - doReport.py:[37] - [ERROR] - html格式的测试报告生成失败，原因是：binary mode doesn't take an encoding argument
Traceback (most recent call last):
  File "D:\PythonCoding\pythonProject\webAutoProj4\common\doReport.py", line 29, in doHTMLReport
    with open(filename,"wb",encoding="utf-8") as f:
         ^^^^^^^^^^^^^^^^^^^^^^^^^^^^^^^^^^^^
ValueError: binary mode doesn't take an encoding argument
2022-11-28 15:28:44,738 - basePage.py:[45] - [INFO] - 未发生异常，页面打开成功！ http://139.199.0.102/passport/login
2022-11-28 15:28:44,761 - basePage.py:[59] - [DEBUG] - 元素定位成功，('css selector', '[formcontrolname="userName"]')
2022-11-28 15:28:44,829 - basePage.py:[75] - [INFO] - 输入内容成功
2022-11-28 15:28:44,854 - basePage.py:[59] - [DEBUG] - 元素定位成功，('css selector', '[formcontrolname="password"]')
2022-11-28 15:28:44,926 - basePage.py:[75] - [INFO] - 输入内容成功
2022-11-28 15:28:46,943 - basePage.py:[59] - [DEBUG] - 元素定位成功，('xpath', '//form/nz-form-item[4]/button')
2022-11-28 15:28:46,957 - basePage.py:[115] - [INFO] - 元素('xpath', '//form/nz-form-item[4]/button')点击成功！
2022-11-28 15:28:50,979 - basePage.py:[59] - [DEBUG] - 元素定位成功，('css selector', '.teachHeadPic.ng-star-inserted')
2022-11-28 15:28:51,532 - basePage.py:[59] - [DEBUG] - 元素定位成功，('xpath', "//div[text()='退出账号']")
2022-11-28 15:28:51,575 - basePage.py:[115] - [INFO] - 元素('xpath', "//div[text()='退出账号']")点击成功！
2022-11-28 15:28:54,593 - basePage.py:[59] - [DEBUG] - 元素定位成功，('css selector', '.ant-modal-confirm-btns>button:nth-child(2)')
2022-11-28 15:28:54,619 - basePage.py:[115] - [INFO] - 元素('css selector', '.ant-modal-confirm-btns>button:nth-child(2)')点击成功！
2022-11-28 15:28:59,826 - basePage.py:[45] - [INFO] - 未发生异常，页面打开成功！ http://139.199.0.102/passport/login
2022-11-28 15:28:59,869 - basePage.py:[59] - [DEBUG] - 元素定位成功，('css selector', '[formcontrolname="userName"]')
2022-11-28 15:28:59,913 - basePage.py:[75] - [INFO] - 输入内容成功
2022-11-28 15:28:59,936 - basePage.py:[59] - [DEBUG] - 元素定位成功，('css selector', '[formcontrolname="password"]')
2022-11-28 15:28:59,974 - basePage.py:[75] - [INFO] - 输入内容成功
2022-11-28 15:29:01,990 - basePage.py:[59] - [DEBUG] - 元素定位成功，('xpath', '//form/nz-form-item[4]/button')
2022-11-28 15:29:02,009 - basePage.py:[115] - [INFO] - 元素('xpath', '//form/nz-form-item[4]/button')点击成功！
2022-11-28 15:29:03,024 - basePage.py:[59] - [DEBUG] - 元素定位成功，('xpath', '//form/nz-form-item[1]/nz-form-control/div/nz-form-explain/div')
2022-11-28 15:29:03,034 - basePage.py:[89] - [INFO] - 文本获取成功，值是： 请输入手机号码
2022-11-28 15:29:03,049 - basePage.py:[59] - [DEBUG] - 元素定位成功，('xpath', '//form/nz-form-item[2]/nz-form-control/div/nz-form-explain/div')
2022-11-28 15:29:03,059 - basePage.py:[89] - [INFO] - 文本获取成功，值是： 请输入6-20位账户密码
2022-11-28 15:41:50,317 - basePage.py:[45] - [INFO] - 未发生异常，页面打开成功！ http://139.199.0.102/passport/login
2022-11-28 15:41:50,341 - basePage.py:[59] - [DEBUG] - 元素定位成功，('css selector', '[formcontrolname="userName"]')
2022-11-28 15:41:50,410 - basePage.py:[75] - [INFO] - 输入内容成功
2022-11-28 15:41:50,433 - basePage.py:[59] - [DEBUG] - 元素定位成功，('css selector', '[formcontrolname="password"]')
2022-11-28 15:41:50,489 - basePage.py:[75] - [INFO] - 输入内容成功
2022-11-28 15:41:52,508 - basePage.py:[59] - [DEBUG] - 元素定位成功，('xpath', '//form/nz-form-item[4]/button')
2022-11-28 15:41:52,520 - basePage.py:[115] - [INFO] - 元素('xpath', '//form/nz-form-item[4]/button')点击成功！
2022-11-28 15:41:56,545 - basePage.py:[59] - [DEBUG] - 元素定位成功，('css selector', '.teachHeadPic.ng-star-inserted')
2022-11-28 15:41:57,096 - basePage.py:[59] - [DEBUG] - 元素定位成功，('xpath', "//div[text()='退出账号']")
2022-11-28 15:41:57,130 - basePage.py:[115] - [INFO] - 元素('xpath', "//div[text()='退出账号']")点击成功！
2022-11-28 15:42:00,149 - basePage.py:[59] - [DEBUG] - 元素定位成功，('css selector', '.ant-modal-confirm-btns>button:nth-child(2)')
2022-11-28 15:42:00,176 - basePage.py:[115] - [INFO] - 元素('css selector', '.ant-modal-confirm-btns>button:nth-child(2)')点击成功！
2022-11-28 15:42:06,612 - basePage.py:[45] - [INFO] - 未发生异常，页面打开成功！ http://139.199.0.102/passport/login
2022-11-28 15:42:06,653 - basePage.py:[59] - [DEBUG] - 元素定位成功，('css selector', '[formcontrolname="userName"]')
2022-11-28 15:42:06,702 - basePage.py:[75] - [INFO] - 输入内容成功
2022-11-28 15:42:06,728 - basePage.py:[59] - [DEBUG] - 元素定位成功，('css selector', '[formcontrolname="password"]')
2022-11-28 15:42:06,768 - basePage.py:[75] - [INFO] - 输入内容成功
2022-11-28 15:42:08,786 - basePage.py:[59] - [DEBUG] - 元素定位成功，('xpath', '//form/nz-form-item[4]/button')
2022-11-28 15:42:08,796 - basePage.py:[115] - [INFO] - 元素('xpath', '//form/nz-form-item[4]/button')点击成功！
2022-11-28 15:42:09,816 - basePage.py:[59] - [DEBUG] - 元素定位成功，('xpath', '//form/nz-form-item[1]/nz-form-control/div/nz-form-explain/div')
2022-11-28 15:42:09,825 - basePage.py:[89] - [INFO] - 文本获取成功，值是： 请输入手机号码
2022-11-28 15:42:09,837 - basePage.py:[59] - [DEBUG] - 元素定位成功，('xpath', '//form/nz-form-item[2]/nz-form-control/div/nz-form-explain/div')
2022-11-28 15:42:09,845 - basePage.py:[89] - [INFO] - 文本获取成功，值是： 请输入6-20位账户密码
2022-11-28 15:46:13,930 - basePage.py:[45] - [INFO] - 未发生异常，页面打开成功！ http://139.199.0.102/passport/login
2022-11-28 15:46:13,953 - basePage.py:[59] - [DEBUG] - 元素定位成功，('css selector', '[formcontrolname="userName"]')
2022-11-28 15:46:14,019 - basePage.py:[75] - [INFO] - 输入内容成功
2022-11-28 15:46:14,042 - basePage.py:[59] - [DEBUG] - 元素定位成功，('css selector', '[formcontrolname="password"]')
2022-11-28 15:46:14,089 - basePage.py:[75] - [INFO] - 输入内容成功
2022-11-28 15:46:16,106 - basePage.py:[59] - [DEBUG] - 元素定位成功，('xpath', '//form/nz-form-item[4]/button')
2022-11-28 15:46:16,118 - basePage.py:[115] - [INFO] - 元素('xpath', '//form/nz-form-item[4]/button')点击成功！
2022-11-28 15:46:20,139 - basePage.py:[59] - [DEBUG] - 元素定位成功，('css selector', '.teachHeadPic.ng-star-inserted')
2022-11-28 15:46:25,838 - basePage.py:[56] - [ERROR] - 元素定位失败，错误信息是 Message: 
，该元素是： ('xpath', "//div[text()='退出账号']")
2022-11-28 15:46:25,871 - basePage.py:[112] - [ERROR] - 元素('xpath', "//div[text()='退出账号']")点击失败，原因是：Message: javascript error: Cannot read property 'click' of null
  (Session info: chrome=78.0.3904.108)
Traceback (most recent call last):
  File "D:\PythonCoding\pythonProject\webAutoProj4\demo\pageObject\basePage.py", line 109, in doClick
    self.driver.execute_script("arguments[0].click();", ele)
  File "D:\software\Pythonhome\Lib\site-packages\selenium\webdriver\remote\webdriver.py", line 634, in execute_script
    return self.execute(command, {
           ^^^^^^^^^^^^^^^^^^^^^^^
  File "D:\software\Pythonhome\Lib\site-packages\selenium\webdriver\remote\webdriver.py", line 321, in execute
    self.error_handler.check_response(response)
  File "D:\software\Pythonhome\Lib\site-packages\selenium\webdriver\remote\errorhandler.py", line 242, in check_response
    raise exception_class(message, screen, stacktrace)
selenium.common.exceptions.JavascriptException: Message: javascript error: Cannot read property 'click' of null
  (Session info: chrome=78.0.3904.108)

2022-11-28 15:46:39,036 - basePage.py:[56] - [ERROR] - 元素定位失败，错误信息是 Message: 
，该元素是： ('css selector', '.ant-modal-confirm-btns>button:nth-child(2)')
2022-11-28 15:46:39,039 - basePage.py:[112] - [ERROR] - 元素('css selector', '.ant-modal-confirm-btns>button:nth-child(2)')点击失败，原因是：Message: javascript error: Cannot read property 'click' of null
  (Session info: chrome=78.0.3904.108)
Traceback (most recent call last):
  File "D:\PythonCoding\pythonProject\webAutoProj4\demo\pageObject\basePage.py", line 109, in doClick
    self.driver.execute_script("arguments[0].click();", ele)
  File "D:\software\Pythonhome\Lib\site-packages\selenium\webdriver\remote\webdriver.py", line 634, in execute_script
    return self.execute(command, {
           ^^^^^^^^^^^^^^^^^^^^^^^
  File "D:\software\Pythonhome\Lib\site-packages\selenium\webdriver\remote\webdriver.py", line 321, in execute
    self.error_handler.check_response(response)
  File "D:\software\Pythonhome\Lib\site-packages\selenium\webdriver\remote\errorhandler.py", line 242, in check_response
    raise exception_class(message, screen, stacktrace)
selenium.common.exceptions.JavascriptException: Message: javascript error: Cannot read property 'click' of null
  (Session info: chrome=78.0.3904.108)

2022-11-28 15:46:45,209 - basePage.py:[45] - [INFO] - 未发生异常，页面打开成功！ http://139.199.0.102/passport/login
2022-11-28 15:46:55,318 - basePage.py:[56] - [ERROR] - 元素定位失败，错误信息是 Message: 
，该元素是： ('css selector', '[formcontrolname="userName"]')
2022-11-28 15:46:55,318 - basePage.py:[72] - [ERROR] - 输入内容失败，原因是：'NoneType' object has no attribute 'send_keys'
2022-11-28 15:47:05,452 - basePage.py:[56] - [ERROR] - 元素定位失败，错误信息是 Message: 
，该元素是： ('css selector', '[formcontrolname="password"]')
2022-11-28 15:47:05,452 - basePage.py:[72] - [ERROR] - 输入内容失败，原因是：'NoneType' object has no attribute 'send_keys'
2022-11-28 15:47:17,598 - basePage.py:[56] - [ERROR] - 元素定位失败，错误信息是 Message: 
，该元素是： ('xpath', '//form/nz-form-item[4]/button')
2022-11-28 15:47:17,631 - basePage.py:[112] - [ERROR] - 元素('xpath', '//form/nz-form-item[4]/button')点击失败，原因是：Message: javascript error: Cannot read property 'click' of null
  (Session info: chrome=78.0.3904.108)
Traceback (most recent call last):
  File "D:\PythonCoding\pythonProject\webAutoProj4\demo\pageObject\basePage.py", line 109, in doClick
    self.driver.execute_script("arguments[0].click();", ele)
  File "D:\software\Pythonhome\Lib\site-packages\selenium\webdriver\remote\webdriver.py", line 634, in execute_script
    return self.execute(command, {
           ^^^^^^^^^^^^^^^^^^^^^^^
  File "D:\software\Pythonhome\Lib\site-packages\selenium\webdriver\remote\webdriver.py", line 321, in execute
    self.error_handler.check_response(response)
  File "D:\software\Pythonhome\Lib\site-packages\selenium\webdriver\remote\errorhandler.py", line 242, in check_response
    raise exception_class(message, screen, stacktrace)
selenium.common.exceptions.JavascriptException: Message: javascript error: Cannot read property 'click' of null
  (Session info: chrome=78.0.3904.108)

2022-11-28 15:47:23,761 - basePage.py:[56] - [ERROR] - 元素定位失败，错误信息是 Message: 
，该元素是： ('xpath', '//form/nz-form-item[1]/nz-form-control/div/nz-form-explain/div')
2022-11-28 15:47:23,761 - basePage.py:[86] - [ERROR] - 获取文本失败('xpath', '//form/nz-form-item[1]/nz-form-control/div/nz-form-explain/div')失败，
错误信息是： 'NoneType' object has no attribute 'text'
Traceback (most recent call last):
  File "D:\PythonCoding\pythonProject\webAutoProj4\demo\pageObject\basePage.py", line 83, in getElementValue
    eleText=ele.text
            ^^^^^^^^
AttributeError: 'NoneType' object has no attribute 'text'
2022-11-28 17:09:32,652 - basePage.py:[45] - [INFO] - 未发生异常，页面打开成功！ http://139.199.0.102/passport/login
2022-11-28 17:09:32,672 - basePage.py:[59] - [DEBUG] - 元素定位成功，('css selector', '[formcontrolname="userName"]')
2022-11-28 17:09:32,723 - basePage.py:[75] - [INFO] - 输入内容成功
2022-11-28 17:09:32,740 - basePage.py:[59] - [DEBUG] - 元素定位成功，('css selector', '[formcontrolname="password"]')
2022-11-28 17:09:32,777 - basePage.py:[75] - [INFO] - 输入内容成功
2022-11-28 17:09:34,795 - basePage.py:[59] - [DEBUG] - 元素定位成功，('xpath', '//form/nz-form-item[4]/button')
2022-11-28 17:09:34,807 - basePage.py:[115] - [INFO] - 元素('xpath', '//form/nz-form-item[4]/button')点击成功！
2022-11-28 17:09:38,826 - basePage.py:[59] - [DEBUG] - 元素定位成功，('css selector', '.teachHeadPic.ng-star-inserted')
2022-11-28 17:09:39,378 - basePage.py:[59] - [DEBUG] - 元素定位成功，('xpath', "//div[text()='退出账号']")
2022-11-28 17:09:39,407 - basePage.py:[115] - [INFO] - 元素('xpath', "//div[text()='退出账号']")点击成功！
2022-11-28 17:09:42,423 - basePage.py:[59] - [DEBUG] - 元素定位成功，('css selector', '.ant-modal-confirm-btns>button:nth-child(2)')
2022-11-28 17:09:42,450 - basePage.py:[115] - [INFO] - 元素('css selector', '.ant-modal-confirm-btns>button:nth-child(2)')点击成功！
2022-11-28 17:09:48,638 - basePage.py:[45] - [INFO] - 未发生异常，页面打开成功！ http://139.199.0.102/passport/login
2022-11-28 17:09:48,663 - basePage.py:[59] - [DEBUG] - 元素定位成功，('css selector', '[formcontrolname="userName"]')
2022-11-28 17:09:48,696 - basePage.py:[75] - [INFO] - 输入内容成功
2022-11-28 17:09:48,712 - basePage.py:[59] - [DEBUG] - 元素定位成功，('css selector', '[formcontrolname="password"]')
2022-11-28 17:09:48,734 - basePage.py:[75] - [INFO] - 输入内容成功
2022-11-28 17:09:50,752 - basePage.py:[59] - [DEBUG] - 元素定位成功，('xpath', '//form/nz-form-item[4]/button')
2022-11-28 17:09:50,764 - basePage.py:[115] - [INFO] - 元素('xpath', '//form/nz-form-item[4]/button')点击成功！
2022-11-28 17:09:51,780 - basePage.py:[59] - [DEBUG] - 元素定位成功，('xpath', '//form/nz-form-item[1]/nz-form-control/div/nz-form-explain/div')
2022-11-28 17:09:51,788 - basePage.py:[89] - [INFO] - 文本获取成功，值是： 请输入手机号码
2022-11-28 17:09:51,800 - basePage.py:[59] - [DEBUG] - 元素定位成功，('xpath', '//form/nz-form-item[2]/nz-form-control/div/nz-form-explain/div')
2022-11-28 17:09:51,808 - basePage.py:[89] - [INFO] - 文本获取成功，值是： 请输入6-20位账户密码
2022-11-28 17:09:54,147 - basePage.py:[45] - [INFO] - 未发生异常，页面打开成功！ http://139.199.0.102/passport/login
2022-11-28 17:09:54,175 - basePage.py:[59] - [DEBUG] - 元素定位成功，('css selector', '[formcontrolname="userName"]')
2022-11-28 17:09:54,238 - basePage.py:[75] - [INFO] - 输入内容成功
2022-11-28 17:09:54,250 - basePage.py:[59] - [DEBUG] - 元素定位成功，('css selector', '[formcontrolname="password"]')
2022-11-28 17:09:54,297 - basePage.py:[75] - [INFO] - 输入内容成功
2022-11-28 17:09:56,310 - basePage.py:[59] - [DEBUG] - 元素定位成功，('xpath', '//form/nz-form-item[4]/button')
2022-11-28 17:09:56,316 - basePage.py:[115] - [INFO] - 元素('xpath', '//form/nz-form-item[4]/button')点击成功！
2022-11-28 17:09:57,330 - basePage.py:[59] - [DEBUG] - 元素定位成功，('xpath', '//form/nz-form-item[1]/nz-form-control/div/nz-form-explain/div')
2022-11-28 17:09:57,339 - basePage.py:[89] - [INFO] - 文本获取成功，值是： 请输入手机号码
2022-11-28 17:09:59,690 - basePage.py:[45] - [INFO] - 未发生异常，页面打开成功！ http://139.199.0.102/passport/login
2022-11-28 17:09:59,717 - basePage.py:[59] - [DEBUG] - 元素定位成功，('css selector', '[formcontrolname="userName"]')
2022-11-28 17:09:59,792 - basePage.py:[75] - [INFO] - 输入内容成功
2022-11-28 17:09:59,805 - basePage.py:[59] - [DEBUG] - 元素定位成功，('css selector', '[formcontrolname="password"]')
2022-11-28 17:09:59,847 - basePage.py:[75] - [INFO] - 输入内容成功
2022-11-28 17:10:01,860 - basePage.py:[59] - [DEBUG] - 元素定位成功，('xpath', '//form/nz-form-item[4]/button')
2022-11-28 17:10:01,872 - basePage.py:[115] - [INFO] - 元素('xpath', '//form/nz-form-item[4]/button')点击成功！
2022-11-28 17:10:02,890 - basePage.py:[59] - [DEBUG] - 元素定位成功，('css selector', '.ant-modal-confirm-title>span')
2022-11-28 17:10:02,899 - basePage.py:[89] - [INFO] - 文本获取成功，值是： 用户名或密码错误，请重新输入！
2022-11-28 17:10:02,912 - basePage.py:[59] - [DEBUG] - 元素定位成功，('css selector', '.ant-btn.ng-star-inserted.ant-btn-primary')
2022-11-28 17:10:02,919 - basePage.py:[115] - [INFO] - 元素('css selector', '.ant-btn.ng-star-inserted.ant-btn-primary')点击成功！
2022-11-28 17:10:05,268 - basePage.py:[45] - [INFO] - 未发生异常，页面打开成功！ http://139.199.0.102/passport/login
2022-11-28 17:10:05,294 - basePage.py:[59] - [DEBUG] - 元素定位成功，('css selector', '[formcontrolname="userName"]')
2022-11-28 17:10:05,360 - basePage.py:[75] - [INFO] - 输入内容成功
2022-11-28 17:10:05,371 - basePage.py:[59] - [DEBUG] - 元素定位成功，('css selector', '[formcontrolname="password"]')
2022-11-28 17:10:05,409 - basePage.py:[75] - [INFO] - 输入内容成功
2022-11-28 17:10:07,422 - basePage.py:[59] - [DEBUG] - 元素定位成功，('xpath', '//form/nz-form-item[4]/button')
2022-11-28 17:10:07,456 - basePage.py:[115] - [INFO] - 元素('xpath', '//form/nz-form-item[4]/button')点击成功！
2022-11-28 17:10:08,470 - basePage.py:[59] - [DEBUG] - 元素定位成功，('css selector', '.ant-modal-confirm-title>span')
2022-11-28 17:10:08,477 - basePage.py:[89] - [INFO] - 文本获取成功，值是： 用户名或密码错误，请重新输入！
2022-11-28 17:10:08,488 - basePage.py:[59] - [DEBUG] - 元素定位成功，('css selector', '.ant-btn.ng-star-inserted.ant-btn-primary')
2022-11-28 17:10:08,494 - basePage.py:[115] - [INFO] - 元素('css selector', '.ant-btn.ng-star-inserted.ant-btn-primary')点击成功！
2022-11-28 17:10:10,869 - basePage.py:[45] - [INFO] - 未发生异常，页面打开成功！ http://139.199.0.102/passport/login
2022-11-28 17:10:10,902 - basePage.py:[59] - [DEBUG] - 元素定位成功，('css selector', '[formcontrolname="userName"]')
2022-11-28 17:10:10,975 - basePage.py:[75] - [INFO] - 输入内容成功
2022-11-28 17:10:10,989 - basePage.py:[59] - [DEBUG] - 元素定位成功，('css selector', '[formcontrolname="password"]')
2022-11-28 17:10:11,027 - basePage.py:[75] - [INFO] - 输入内容成功
2022-11-28 17:10:13,041 - basePage.py:[59] - [DEBUG] - 元素定位成功，('xpath', '//form/nz-form-item[4]/button')
2022-11-28 17:10:13,049 - basePage.py:[115] - [INFO] - 元素('xpath', '//form/nz-form-item[4]/button')点击成功！
2022-11-28 17:10:14,062 - basePage.py:[59] - [DEBUG] - 元素定位成功，('css selector', '.ant-modal-confirm-title>span')
2022-11-28 17:10:14,071 - basePage.py:[89] - [INFO] - 文本获取成功，值是： 用户名或密码错误，请重新输入！
2022-11-28 17:10:14,080 - basePage.py:[59] - [DEBUG] - 元素定位成功，('css selector', '.ant-btn.ng-star-inserted.ant-btn-primary')
2022-11-28 17:10:14,086 - basePage.py:[115] - [INFO] - 元素('css selector', '.ant-btn.ng-star-inserted.ant-btn-primary')点击成功！
2022-11-28 17:10:16,227 - basePage.py:[45] - [INFO] - 未发生异常，页面打开成功！ http://139.199.0.102/passport/login
2022-11-28 17:10:16,253 - basePage.py:[59] - [DEBUG] - 元素定位成功，('css selector', '[formcontrolname="userName"]')
2022-11-28 17:10:16,287 - basePage.py:[75] - [INFO] - 输入内容成功
2022-11-28 17:10:16,307 - basePage.py:[59] - [DEBUG] - 元素定位成功，('css selector', '[formcontrolname="password"]')
2022-11-28 17:10:16,330 - basePage.py:[75] - [INFO] - 输入内容成功
2022-11-28 17:10:18,344 - basePage.py:[59] - [DEBUG] - 元素定位成功，('xpath', '//form/nz-form-item[4]/button')
2022-11-28 17:10:18,353 - basePage.py:[115] - [INFO] - 元素('xpath', '//form/nz-form-item[4]/button')点击成功！
2022-11-28 17:10:19,369 - basePage.py:[59] - [DEBUG] - 元素定位成功，('xpath', '//form/nz-form-item[1]/nz-form-control/div/nz-form-explain/div')
2022-11-28 17:10:19,377 - basePage.py:[89] - [INFO] - 文本获取成功，值是： 请输入手机号码
2022-11-28 17:10:19,389 - basePage.py:[59] - [DEBUG] - 元素定位成功，('xpath', '//form/nz-form-item[2]/nz-form-control/div/nz-form-explain/div')
2022-11-28 17:10:19,397 - basePage.py:[89] - [INFO] - 文本获取成功，值是： 请输入6-20位账户密码
2022-11-28 17:10:21,752 - basePage.py:[45] - [INFO] - 未发生异常，页面打开成功！ http://139.199.0.102/passport/login
2022-11-28 17:10:21,778 - basePage.py:[59] - [DEBUG] - 元素定位成功，('css selector', '[formcontrolname="userName"]')
2022-11-28 17:10:21,842 - basePage.py:[75] - [INFO] - 输入内容成功
2022-11-28 17:10:21,855 - basePage.py:[59] - [DEBUG] - 元素定位成功，('css selector', '[formcontrolname="password"]')
2022-11-28 17:10:21,878 - basePage.py:[75] - [INFO] - 输入内容成功
2022-11-28 17:10:23,893 - basePage.py:[59] - [DEBUG] - 元素定位成功，('xpath', '//form/nz-form-item[4]/button')
2022-11-28 17:10:23,900 - basePage.py:[115] - [INFO] - 元素('xpath', '//form/nz-form-item[4]/button')点击成功！
2022-11-28 17:10:24,912 - basePage.py:[59] - [DEBUG] - 元素定位成功，('xpath', '//form/nz-form-item[2]/nz-form-control/div/nz-form-explain/div')
2022-11-28 17:10:24,921 - basePage.py:[89] - [INFO] - 文本获取成功，值是： 请输入6-20位账户密码
2022-11-28 17:10:27,264 - basePage.py:[45] - [INFO] - 未发生异常，页面打开成功！ http://139.199.0.102/passport/login
2022-11-28 17:10:27,291 - basePage.py:[59] - [DEBUG] - 元素定位成功，('css selector', '[formcontrolname="userName"]')
2022-11-28 17:10:27,331 - basePage.py:[75] - [INFO] - 输入内容成功
2022-11-28 17:10:27,348 - basePage.py:[59] - [DEBUG] - 元素定位成功，('css selector', '[formcontrolname="password"]')
2022-11-28 17:10:27,388 - basePage.py:[75] - [INFO] - 输入内容成功
2022-11-28 17:10:29,402 - basePage.py:[59] - [DEBUG] - 元素定位成功，('xpath', '//form/nz-form-item[4]/button')
2022-11-28 17:10:29,409 - basePage.py:[115] - [INFO] - 元素('xpath', '//form/nz-form-item[4]/button')点击成功！
2022-11-28 17:10:30,425 - basePage.py:[59] - [DEBUG] - 元素定位成功，('xpath', '//form/nz-form-item[1]/nz-form-control/div/nz-form-explain/div')
2022-11-28 17:10:30,433 - basePage.py:[89] - [INFO] - 文本获取成功，值是： 请输入手机号码
2022-11-28 17:10:32,785 - basePage.py:[45] - [INFO] - 未发生异常，页面打开成功！ http://139.199.0.102/passport/login
2022-11-28 17:10:32,815 - basePage.py:[59] - [DEBUG] - 元素定位成功，('css selector', '[formcontrolname="userName"]')
2022-11-28 17:10:32,885 - basePage.py:[75] - [INFO] - 输入内容成功
2022-11-28 17:10:32,898 - basePage.py:[59] - [DEBUG] - 元素定位成功，('css selector', '[formcontrolname="password"]')
2022-11-28 17:10:32,935 - basePage.py:[75] - [INFO] - 输入内容成功
2022-11-28 17:10:34,949 - basePage.py:[59] - [DEBUG] - 元素定位成功，('xpath', '//form/nz-form-item[4]/button')
2022-11-28 17:10:34,959 - basePage.py:[115] - [INFO] - 元素('xpath', '//form/nz-form-item[4]/button')点击成功！
2022-11-28 17:10:38,982 - basePage.py:[59] - [DEBUG] - 元素定位成功，('css selector', '.teachHeadPic.ng-star-inserted')
2022-11-28 17:10:39,526 - basePage.py:[59] - [DEBUG] - 元素定位成功，('xpath', "//div[text()='退出账号']")
2022-11-28 17:10:39,549 - basePage.py:[115] - [INFO] - 元素('xpath', "//div[text()='退出账号']")点击成功！
2022-11-28 17:10:42,569 - basePage.py:[59] - [DEBUG] - 元素定位成功，('css selector', '.ant-modal-confirm-btns>button:nth-child(2)')
2022-11-28 17:10:42,592 - basePage.py:[115] - [INFO] - 元素('css selector', '.ant-modal-confirm-btns>button:nth-child(2)')点击成功！
2022-11-28 17:10:48,077 - basePage.py:[45] - [INFO] - 未发生异常，页面打开成功！ http://139.199.0.102/passport/login
2022-11-28 17:10:48,106 - basePage.py:[59] - [DEBUG] - 元素定位成功，('css selector', '[formcontrolname="userName"]')
2022-11-28 17:10:48,219 - basePage.py:[75] - [INFO] - 输入内容成功
2022-11-28 17:10:48,234 - basePage.py:[59] - [DEBUG] - 元素定位成功，('css selector', '[formcontrolname="password"]')
2022-11-28 17:10:48,263 - basePage.py:[75] - [INFO] - 输入内容成功
2022-11-28 17:10:50,280 - basePage.py:[59] - [DEBUG] - 元素定位成功，('xpath', '//form/nz-form-item[4]/button')
2022-11-28 17:10:50,288 - basePage.py:[115] - [INFO] - 元素('xpath', '//form/nz-form-item[4]/button')点击成功！
2022-11-28 17:10:51,305 - basePage.py:[59] - [DEBUG] - 元素定位成功，('xpath', '//form/nz-form-item[2]/nz-form-control/div/nz-form-explain/div')
2022-11-28 17:10:51,313 - basePage.py:[89] - [INFO] - 文本获取成功，值是： 请输入6-20位账户密码
2022-11-28 17:10:53,660 - basePage.py:[45] - [INFO] - 未发生异常，页面打开成功！ http://139.199.0.102/passport/login
2022-11-28 17:10:53,689 - basePage.py:[59] - [DEBUG] - 元素定位成功，('css selector', '[formcontrolname="userName"]')
2022-11-28 17:10:53,757 - basePage.py:[75] - [INFO] - 输入内容成功
2022-11-28 17:10:53,769 - basePage.py:[59] - [DEBUG] - 元素定位成功，('css selector', '[formcontrolname="password"]')
2022-11-28 17:10:53,809 - basePage.py:[75] - [INFO] - 输入内容成功
2022-11-28 17:10:55,821 - basePage.py:[59] - [DEBUG] - 元素定位成功，('xpath', '//form/nz-form-item[4]/button')
2022-11-28 17:10:55,832 - basePage.py:[115] - [INFO] - 元素('xpath', '//form/nz-form-item[4]/button')点击成功！
2022-11-28 17:10:56,848 - basePage.py:[59] - [DEBUG] - 元素定位成功，('css selector', '.ant-modal-confirm-title>span')
2022-11-28 17:10:56,855 - basePage.py:[89] - [INFO] - 文本获取成功，值是： 用户名或密码错误，请重新输入！
2022-11-28 17:10:56,867 - basePage.py:[59] - [DEBUG] - 元素定位成功，('css selector', '.ant-btn.ng-star-inserted.ant-btn-primary')
2022-11-28 17:10:56,873 - basePage.py:[115] - [INFO] - 元素('css selector', '.ant-btn.ng-star-inserted.ant-btn-primary')点击成功！
2022-11-28 17:10:59,213 - basePage.py:[45] - [INFO] - 未发生异常，页面打开成功！ http://139.199.0.102/passport/login
2022-11-28 17:10:59,239 - basePage.py:[59] - [DEBUG] - 元素定位成功，('css selector', '[formcontrolname="userName"]')
2022-11-28 17:10:59,305 - basePage.py:[75] - [INFO] - 输入内容成功
2022-11-28 17:10:59,316 - basePage.py:[59] - [DEBUG] - 元素定位成功，('css selector', '[formcontrolname="password"]')
2022-11-28 17:10:59,352 - basePage.py:[75] - [INFO] - 输入内容成功
2022-11-28 17:11:01,363 - basePage.py:[59] - [DEBUG] - 元素定位成功，('xpath', '//form/nz-form-item[4]/button')
2022-11-28 17:11:01,372 - basePage.py:[115] - [INFO] - 元素('xpath', '//form/nz-form-item[4]/button')点击成功！
2022-11-28 17:11:02,385 - basePage.py:[59] - [DEBUG] - 元素定位成功，('css selector', '.ant-modal-confirm-title>span')
2022-11-28 17:11:02,393 - basePage.py:[89] - [INFO] - 文本获取成功，值是： 用户名或密码错误，请重新输入！
2022-11-28 17:11:02,402 - basePage.py:[59] - [DEBUG] - 元素定位成功，('css selector', '.ant-btn.ng-star-inserted.ant-btn-primary')
2022-11-28 17:11:02,408 - basePage.py:[115] - [INFO] - 元素('css selector', '.ant-btn.ng-star-inserted.ant-btn-primary')点击成功！
